Height: 2 3 5 3
Height: 2 3 5 3
Width: 2 3 5 3
Width: 2 3 5 3
Height: 2 3 5 3
Width: 2 3 5 3
zph & zpw: 1 1
i & j           : 0 0
|-height & width: 0 0
  |-alpha & beta: -1 -1
i & j           : 0 0
|-height & width: 0 1
  |-alpha & beta: -1 0
i & j           : 0 0
|-height & width: 0 2
  |-alpha & beta: -1 1
i & j           : 0 0
|-height & width: 1 0
  |-alpha & beta: 0 -1
i & j           : 0 0
|-height & width: 1 1
  |-alpha & beta: 0 0
i & j           : 0 0
|-height & width: 1 2
  |-alpha & beta: 0 1
i & j           : 0 0
|-height & width: 2 0
  |-alpha & beta: 1 -1
i & j           : 0 0
|-height & width: 2 1
  |-alpha & beta: 1 0
i & j           : 0 0
|-height & width: 2 2
  |-alpha & beta: 1 1
i & j           : 0 0
|-height & width: 0 0
  |-alpha & beta: -1 -1
i & j           : 0 0
|-height & width: 0 1
  |-alpha & beta: -1 0
i & j           : 0 0
|-height & width: 0 2
  |-alpha & beta: -1 1
i & j           : 0 0
|-height & width: 1 0
  |-alpha & beta: 0 -1
i & j           : 0 0
|-height & width: 1 1
  |-alpha & beta: 0 0
i & j           : 0 0
|-height & width: 1 2
  |-alpha & beta: 0 1
i & j           : 0 0
|-height & width: 2 0
  |-alpha & beta: 1 -1
i & j           : 0 0
|-height & width: 2 1
  |-alpha & beta: 1 0
i & j           : 0 0
|-height & width: 2 2
  |-alpha & beta: 1 1
i & j           : 0 0
|-height & width: 0 0
  |-alpha & beta: -1 -1
i & j           : 0 0
|-height & width: 0 1
  |-alpha & beta: -1 0
i & j           : 0 0
|-height & width: 0 2
  |-alpha & beta: -1 1
i & j           : 0 0
|-height & width: 1 0
  |-alpha & beta: 0 -1
i & j           : 0 0
|-height & width: 1 1
  |-alpha & beta: 0 0
i & j           : 0 0
|-height & width: 1 2
  |-alpha & beta: 0 1
i & j           : 0 0
|-height & width: 2 0
  |-alpha & beta: 1 -1
i & j           : 0 0
|-height & width: 2 1
  |-alpha & beta: 1 0
i & j           : 0 0
|-height & width: 2 2
  |-alpha & beta: 1 1
i & j           : 0 1
|-height & width: 0 0
  |-alpha & beta: -1 1
i & j           : 0 1
|-height & width: 0 1
  |-alpha & beta: -1 2
i & j           : 0 1
|-height & width: 0 2
  |-alpha & beta: -1 3
i & j           : 0 1
|-height & width: 1 0
  |-alpha & beta: 0 1
i & j           : 0 1
|-height & width: 1 1
  |-alpha & beta: 0 2
i & j           : 0 1
|-height & width: 1 2
  |-alpha & beta: 0 3
i & j           : 0 1
|-height & width: 2 0
  |-alpha & beta: 1 1
i & j           : 0 1
|-height & width: 2 1
  |-alpha & beta: 1 2
i & j           : 0 1
|-height & width: 2 2
  |-alpha & beta: 1 3
i & j           : 0 1
|-height & width: 0 0
  |-alpha & beta: -1 1
i & j           : 0 1
|-height & width: 0 1
  |-alpha & beta: -1 2
i & j           : 0 1
|-height & width: 0 2
  |-alpha & beta: -1 3
i & j           : 0 1
|-height & width: 1 0
  |-alpha & beta: 0 1
i & j           : 0 1
|-height & width: 1 1
  |-alpha & beta: 0 2
i & j           : 0 1
|-height & width: 1 2
  |-alpha & beta: 0 3
i & j           : 0 1
|-height & width: 2 0
  |-alpha & beta: 1 1
i & j           : 0 1
|-height & width: 2 1
  |-alpha & beta: 1 2
i & j           : 0 1
|-height & width: 2 2
  |-alpha & beta: 1 3
i & j           : 0 1
|-height & width: 0 0
  |-alpha & beta: -1 1
i & j           : 0 1
|-height & width: 0 1
  |-alpha & beta: -1 2
i & j           : 0 1
|-height & width: 0 2
  |-alpha & beta: -1 3
i & j           : 0 1
|-height & width: 1 0
  |-alpha & beta: 0 1
i & j           : 0 1
|-height & width: 1 1
  |-alpha & beta: 0 2
i & j           : 0 1
|-height & width: 1 2
  |-alpha & beta: 0 3
i & j           : 0 1
|-height & width: 2 0
  |-alpha & beta: 1 1
i & j           : 0 1
|-height & width: 2 1
  |-alpha & beta: 1 2
i & j           : 0 1
|-height & width: 2 2
  |-alpha & beta: 1 3
i & j           : 0 2
|-height & width: 0 0
  |-alpha & beta: -1 3
i & j           : 0 2
|-height & width: 0 1
  |-alpha & beta: -1 4
i & j           : 0 2
|-height & width: 0 2
  |-alpha & beta: -1 5
i & j           : 0 2
|-height & width: 1 0
  |-alpha & beta: 0 3
i & j           : 0 2
|-height & width: 1 1
  |-alpha & beta: 0 4
i & j           : 0 2
|-height & width: 1 2
  |-alpha & beta: 0 5
i & j           : 0 2
|-height & width: 2 0
  |-alpha & beta: 1 3
i & j           : 0 2
|-height & width: 2 1
  |-alpha & beta: 1 4
i & j           : 0 2
|-height & width: 2 2
  |-alpha & beta: 1 5
i & j           : 0 2
|-height & width: 0 0
  |-alpha & beta: -1 3
i & j           : 0 2
|-height & width: 0 1
  |-alpha & beta: -1 4
i & j           : 0 2
|-height & width: 0 2
  |-alpha & beta: -1 5
i & j           : 0 2
|-height & width: 1 0
  |-alpha & beta: 0 3
i & j           : 0 2
|-height & width: 1 1
  |-alpha & beta: 0 4
i & j           : 0 2
|-height & width: 1 2
  |-alpha & beta: 0 5
i & j           : 0 2
|-height & width: 2 0
  |-alpha & beta: 1 3
i & j           : 0 2
|-height & width: 2 1
  |-alpha & beta: 1 4
i & j           : 0 2
|-height & width: 2 2
  |-alpha & beta: 1 5
i & j           : 0 2
|-height & width: 0 0
  |-alpha & beta: -1 3
i & j           : 0 2
|-height & width: 0 1
  |-alpha & beta: -1 4
i & j           : 0 2
|-height & width: 0 2
  |-alpha & beta: -1 5
i & j           : 0 2
|-height & width: 1 0
  |-alpha & beta: 0 3
i & j           : 0 2
|-height & width: 1 1
  |-alpha & beta: 0 4
i & j           : 0 2
|-height & width: 1 2
  |-alpha & beta: 0 5
i & j           : 0 2
|-height & width: 2 0
  |-alpha & beta: 1 3
i & j           : 0 2
|-height & width: 2 1
  |-alpha & beta: 1 4
i & j           : 0 2
|-height & width: 2 2
  |-alpha & beta: 1 5
i & j           : 1 0
|-height & width: 0 0
  |-alpha & beta: 1 -1
i & j           : 1 0
|-height & width: 0 1
  |-alpha & beta: 1 0
i & j           : 1 0
|-height & width: 0 2
  |-alpha & beta: 1 1
i & j           : 1 0
|-height & width: 1 0
  |-alpha & beta: 2 -1
i & j           : 1 0
|-height & width: 1 1
  |-alpha & beta: 2 0
i & j           : 1 0
|-height & width: 1 2
  |-alpha & beta: 2 1
i & j           : 1 0
|-height & width: 2 0
  |-alpha & beta: 3 -1
i & j           : 1 0
|-height & width: 2 1
  |-alpha & beta: 3 0
i & j           : 1 0
|-height & width: 2 2
  |-alpha & beta: 3 1
i & j           : 1 0
|-height & width: 0 0
  |-alpha & beta: 1 -1
i & j           : 1 0
|-height & width: 0 1
  |-alpha & beta: 1 0
i & j           : 1 0
|-height & width: 0 2
  |-alpha & beta: 1 1
i & j           : 1 0
|-height & width: 1 0
  |-alpha & beta: 2 -1
i & j           : 1 0
|-height & width: 1 1
  |-alpha & beta: 2 0
i & j           : 1 0
|-height & width: 1 2
  |-alpha & beta: 2 1
i & j           : 1 0
|-height & width: 2 0
  |-alpha & beta: 3 -1
i & j           : 1 0
|-height & width: 2 1
  |-alpha & beta: 3 0
i & j           : 1 0
|-height & width: 2 2
  |-alpha & beta: 3 1
i & j           : 1 0
|-height & width: 0 0
  |-alpha & beta: 1 -1
i & j           : 1 0
|-height & width: 0 1
  |-alpha & beta: 1 0
i & j           : 1 0
|-height & width: 0 2
  |-alpha & beta: 1 1
i & j           : 1 0
|-height & width: 1 0
  |-alpha & beta: 2 -1
i & j           : 1 0
|-height & width: 1 1
  |-alpha & beta: 2 0
i & j           : 1 0
|-height & width: 1 2
  |-alpha & beta: 2 1
i & j           : 1 0
|-height & width: 2 0
  |-alpha & beta: 3 -1
i & j           : 1 0
|-height & width: 2 1
  |-alpha & beta: 3 0
i & j           : 1 0
|-height & width: 2 2
  |-alpha & beta: 3 1
i & j           : 1 1
|-height & width: 0 0
  |-alpha & beta: 1 1
i & j           : 1 1
|-height & width: 0 1
  |-alpha & beta: 1 2
i & j           : 1 1
|-height & width: 0 2
  |-alpha & beta: 1 3
i & j           : 1 1
|-height & width: 1 0
  |-alpha & beta: 2 1
i & j           : 1 1
|-height & width: 1 1
  |-alpha & beta: 2 2
i & j           : 1 1
|-height & width: 1 2
  |-alpha & beta: 2 3
i & j           : 1 1
|-height & width: 2 0
  |-alpha & beta: 3 1
i & j           : 1 1
|-height & width: 2 1
  |-alpha & beta: 3 2
i & j           : 1 1
|-height & width: 2 2
  |-alpha & beta: 3 3
i & j           : 1 1
|-height & width: 0 0
  |-alpha & beta: 1 1
i & j           : 1 1
|-height & width: 0 1
  |-alpha & beta: 1 2
i & j           : 1 1
|-height & width: 0 2
  |-alpha & beta: 1 3
i & j           : 1 1
|-height & width: 1 0
  |-alpha & beta: 2 1
i & j           : 1 1
|-height & width: 1 1
  |-alpha & beta: 2 2
i & j           : 1 1
|-height & width: 1 2
  |-alpha & beta: 2 3
i & j           : 1 1
|-height & width: 2 0
  |-alpha & beta: 3 1
i & j           : 1 1
|-height & width: 2 1
  |-alpha & beta: 3 2
i & j           : 1 1
|-height & width: 2 2
  |-alpha & beta: 3 3
i & j           : 1 1
|-height & width: 0 0
  |-alpha & beta: 1 1
i & j           : 1 1
|-height & width: 0 1
  |-alpha & beta: 1 2
i & j           : 1 1
|-height & width: 0 2
  |-alpha & beta: 1 3
i & j           : 1 1
|-height & width: 1 0
  |-alpha & beta: 2 1
i & j           : 1 1
|-height & width: 1 1
  |-alpha & beta: 2 2
i & j           : 1 1
|-height & width: 1 2
  |-alpha & beta: 2 3
i & j           : 1 1
|-height & width: 2 0
  |-alpha & beta: 3 1
i & j           : 1 1
|-height & width: 2 1
  |-alpha & beta: 3 2
i & j           : 1 1
|-height & width: 2 2
  |-alpha & beta: 3 3
i & j           : 1 2
|-height & width: 0 0
  |-alpha & beta: 1 3
i & j           : 1 2
|-height & width: 0 1
  |-alpha & beta: 1 4
i & j           : 1 2
|-height & width: 0 2
  |-alpha & beta: 1 5
i & j           : 1 2
|-height & width: 1 0
  |-alpha & beta: 2 3
i & j           : 1 2
|-height & width: 1 1
  |-alpha & beta: 2 4
i & j           : 1 2
|-height & width: 1 2
  |-alpha & beta: 2 5
i & j           : 1 2
|-height & width: 2 0
  |-alpha & beta: 3 3
i & j           : 1 2
|-height & width: 2 1
  |-alpha & beta: 3 4
i & j           : 1 2
|-height & width: 2 2
  |-alpha & beta: 3 5
i & j           : 1 2
|-height & width: 0 0
  |-alpha & beta: 1 3
i & j           : 1 2
|-height & width: 0 1
  |-alpha & beta: 1 4
i & j           : 1 2
|-height & width: 0 2
  |-alpha & beta: 1 5
i & j           : 1 2
|-height & width: 1 0
  |-alpha & beta: 2 3
i & j           : 1 2
|-height & width: 1 1
  |-alpha & beta: 2 4
i & j           : 1 2
|-height & width: 1 2
  |-alpha & beta: 2 5
i & j           : 1 2
|-height & width: 2 0
  |-alpha & beta: 3 3
i & j           : 1 2
|-height & width: 2 1
  |-alpha & beta: 3 4
i & j           : 1 2
|-height & width: 2 2
  |-alpha & beta: 3 5
i & j           : 1 2
|-height & width: 0 0
  |-alpha & beta: 1 3
i & j           : 1 2
|-height & width: 0 1
  |-alpha & beta: 1 4
i & j           : 1 2
|-height & width: 0 2
  |-alpha & beta: 1 5
i & j           : 1 2
|-height & width: 1 0
  |-alpha & beta: 2 3
i & j           : 1 2
|-height & width: 1 1
  |-alpha & beta: 2 4
i & j           : 1 2
|-height & width: 1 2
  |-alpha & beta: 2 5
i & j           : 1 2
|-height & width: 2 0
  |-alpha & beta: 3 3
i & j           : 1 2
|-height & width: 2 1
  |-alpha & beta: 3 4
i & j           : 1 2
|-height & width: 2 2
  |-alpha & beta: 3 5
i & j           : 2 0
|-height & width: 0 0
  |-alpha & beta: 3 -1
i & j           : 2 0
|-height & width: 0 1
  |-alpha & beta: 3 0
i & j           : 2 0
|-height & width: 0 2
  |-alpha & beta: 3 1
i & j           : 2 0
|-height & width: 1 0
  |-alpha & beta: 4 -1
i & j           : 2 0
|-height & width: 1 1
  |-alpha & beta: 4 0
i & j           : 2 0
|-height & width: 1 2
  |-alpha & beta: 4 1
i & j           : 2 0
|-height & width: 2 0
  |-alpha & beta: 5 -1
i & j           : 2 0
|-height & width: 2 1
  |-alpha & beta: 5 0
i & j           : 2 0
|-height & width: 2 2
  |-alpha & beta: 5 1
i & j           : 2 0
|-height & width: 0 0
  |-alpha & beta: 3 -1
i & j           : 2 0
|-height & width: 0 1
  |-alpha & beta: 3 0
i & j           : 2 0
|-height & width: 0 2
  |-alpha & beta: 3 1
i & j           : 2 0
|-height & width: 1 0
  |-alpha & beta: 4 -1
i & j           : 2 0
|-height & width: 1 1
  |-alpha & beta: 4 0
i & j           : 2 0
|-height & width: 1 2
  |-alpha & beta: 4 1
i & j           : 2 0
|-height & width: 2 0
  |-alpha & beta: 5 -1
i & j           : 2 0
|-height & width: 2 1
  |-alpha & beta: 5 0
i & j           : 2 0
|-height & width: 2 2
  |-alpha & beta: 5 1
i & j           : 2 0
|-height & width: 0 0
  |-alpha & beta: 3 -1
i & j           : 2 0
|-height & width: 0 1
  |-alpha & beta: 3 0
i & j           : 2 0
|-height & width: 0 2
  |-alpha & beta: 3 1
i & j           : 2 0
|-height & width: 1 0
  |-alpha & beta: 4 -1
i & j           : 2 0
|-height & width: 1 1
  |-alpha & beta: 4 0
i & j           : 2 0
|-height & width: 1 2
  |-alpha & beta: 4 1
i & j           : 2 0
|-height & width: 2 0
  |-alpha & beta: 5 -1
i & j           : 2 0
|-height & width: 2 1
  |-alpha & beta: 5 0
i & j           : 2 0
|-height & width: 2 2
  |-alpha & beta: 5 1
i & j           : 2 1
|-height & width: 0 0
  |-alpha & beta: 3 1
i & j           : 2 1
|-height & width: 0 1
  |-alpha & beta: 3 2
i & j           : 2 1
|-height & width: 0 2
  |-alpha & beta: 3 3
i & j           : 2 1
|-height & width: 1 0
  |-alpha & beta: 4 1
i & j           : 2 1
|-height & width: 1 1
  |-alpha & beta: 4 2
i & j           : 2 1
|-height & width: 1 2
  |-alpha & beta: 4 3
i & j           : 2 1
|-height & width: 2 0
  |-alpha & beta: 5 1
i & j           : 2 1
|-height & width: 2 1
  |-alpha & beta: 5 2
i & j           : 2 1
|-height & width: 2 2
  |-alpha & beta: 5 3
i & j           : 2 1
|-height & width: 0 0
  |-alpha & beta: 3 1
i & j           : 2 1
|-height & width: 0 1
  |-alpha & beta: 3 2
i & j           : 2 1
|-height & width: 0 2
  |-alpha & beta: 3 3
i & j           : 2 1
|-height & width: 1 0
  |-alpha & beta: 4 1
i & j           : 2 1
|-height & width: 1 1
  |-alpha & beta: 4 2
i & j           : 2 1
|-height & width: 1 2
  |-alpha & beta: 4 3
i & j           : 2 1
|-height & width: 2 0
  |-alpha & beta: 5 1
i & j           : 2 1
|-height & width: 2 1
  |-alpha & beta: 5 2
i & j           : 2 1
|-height & width: 2 2
  |-alpha & beta: 5 3
i & j           : 2 1
|-height & width: 0 0
  |-alpha & beta: 3 1
i & j           : 2 1
|-height & width: 0 1
  |-alpha & beta: 3 2
i & j           : 2 1
|-height & width: 0 2
  |-alpha & beta: 3 3
i & j           : 2 1
|-height & width: 1 0
  |-alpha & beta: 4 1
i & j           : 2 1
|-height & width: 1 1
  |-alpha & beta: 4 2
i & j           : 2 1
|-height & width: 1 2
  |-alpha & beta: 4 3
i & j           : 2 1
|-height & width: 2 0
  |-alpha & beta: 5 1
i & j           : 2 1
|-height & width: 2 1
  |-alpha & beta: 5 2
i & j           : 2 1
|-height & width: 2 2
  |-alpha & beta: 5 3
i & j           : 2 2
|-height & width: 0 0
  |-alpha & beta: 3 3
i & j           : 2 2
|-height & width: 0 1
  |-alpha & beta: 3 4
i & j           : 2 2
|-height & width: 0 2
  |-alpha & beta: 3 5
i & j           : 2 2
|-height & width: 1 0
  |-alpha & beta: 4 3
i & j           : 2 2
|-height & width: 1 1
  |-alpha & beta: 4 4
i & j           : 2 2
|-height & width: 1 2
  |-alpha & beta: 4 5
i & j           : 2 2
|-height & width: 2 0
  |-alpha & beta: 5 3
i & j           : 2 2
|-height & width: 2 1
  |-alpha & beta: 5 4
i & j           : 2 2
|-height & width: 2 2
  |-alpha & beta: 5 5
i & j           : 2 2
|-height & width: 0 0
  |-alpha & beta: 3 3
i & j           : 2 2
|-height & width: 0 1
  |-alpha & beta: 3 4
i & j           : 2 2
|-height & width: 0 2
  |-alpha & beta: 3 5
i & j           : 2 2
|-height & width: 1 0
  |-alpha & beta: 4 3
i & j           : 2 2
|-height & width: 1 1
  |-alpha & beta: 4 4
i & j           : 2 2
|-height & width: 1 2
  |-alpha & beta: 4 5
i & j           : 2 2
|-height & width: 2 0
  |-alpha & beta: 5 3
i & j           : 2 2
|-height & width: 2 1
  |-alpha & beta: 5 4
i & j           : 2 2
|-height & width: 2 2
  |-alpha & beta: 5 5
i & j           : 2 2
|-height & width: 0 0
  |-alpha & beta: 3 3
i & j           : 2 2
|-height & width: 0 1
  |-alpha & beta: 3 4
i & j           : 2 2
|-height & width: 0 2
  |-alpha & beta: 3 5
i & j           : 2 2
|-height & width: 1 0
  |-alpha & beta: 4 3
i & j           : 2 2
|-height & width: 1 1
  |-alpha & beta: 4 4
i & j           : 2 2
|-height & width: 1 2
  |-alpha & beta: 4 5
i & j           : 2 2
|-height & width: 2 0
  |-alpha & beta: 5 3
i & j           : 2 2
|-height & width: 2 1
  |-alpha & beta: 5 4
i & j           : 2 2
|-height & width: 2 2
  |-alpha & beta: 5 5
Height: 2 3 5 3
Width: 2 3 5 3
zph & zpw: 1 1
i & j           : 0 0
|-height & width: 0 0
  |-alpha & beta: -1 -1
i & j           : 0 0
|-height & width: 0 1
  |-alpha & beta: -1 0
i & j           : 0 0
|-height & width: 0 2
  |-alpha & beta: -1 1
i & j           : 0 0
|-height & width: 1 0
  |-alpha & beta: 0 -1
i & j           : 0 0
|-height & width: 1 1
  |-alpha & beta: 0 0
i & j           : 0 0
|-height & width: 1 2
  |-alpha & beta: 0 1
i & j           : 0 0
|-height & width: 2 0
  |-alpha & beta: 1 -1
i & j           : 0 0
|-height & width: 2 1
  |-alpha & beta: 1 0
i & j           : 0 0
|-height & width: 2 2
  |-alpha & beta: 1 1
i & j           : 0 0
|-height & width: 0 0
  |-alpha & beta: -1 -1
i & j           : 0 0
|-height & width: 0 1
  |-alpha & beta: -1 0
i & j           : 0 0
|-height & width: 0 2
  |-alpha & beta: -1 1
i & j           : 0 0
|-height & width: 1 0
  |-alpha & beta: 0 -1
i & j           : 0 0
|-height & width: 1 1
  |-alpha & beta: 0 0
i & j           : 0 0
|-height & width: 1 2
  |-alpha & beta: 0 1
i & j           : 0 0
|-height & width: 2 0
  |-alpha & beta: 1 -1
i & j           : 0 0
|-height & width: 2 1
  |-alpha & beta: 1 0
i & j           : 0 0
|-height & width: 2 2
  |-alpha & beta: 1 1
i & j           : 0 0
|-height & width: 0 0
  |-alpha & beta: -1 -1
i & j           : 0 0
|-height & width: 0 1
  |-alpha & beta: -1 0
i & j           : 0 0
|-height & width: 0 2
  |-alpha & beta: -1 1
i & j           : 0 0
|-height & width: 1 0
  |-alpha & beta: 0 -1
i & j           : 0 0
|-height & width: 1 1
  |-alpha & beta: 0 0
i & j           : 0 0
|-height & width: 1 2
  |-alpha & beta: 0 1
i & j           : 0 0
|-height & width: 2 0
  |-alpha & beta: 1 -1
i & j           : 0 0
|-height & width: 2 1
  |-alpha & beta: 1 0
i & j           : 0 0
|-height & width: 2 2
  |-alpha & beta: 1 1
i & j           : 0 1
|-height & width: 0 0
  |-alpha & beta: -1 1
i & j           : 0 1
|-height & width: 0 1
  |-alpha & beta: -1 2
i & j           : 0 1
|-height & width: 0 2
  |-alpha & beta: -1 3
i & j           : 0 1
|-height & width: 1 0
  |-alpha & beta: 0 1
i & j           : 0 1
|-height & width: 1 1
  |-alpha & beta: 0 2
i & j           : 0 1
|-height & width: 1 2
  |-alpha & beta: 0 3
i & j           : 0 1
|-height & width: 2 0
  |-alpha & beta: 1 1
i & j           : 0 1
|-height & width: 2 1
  |-alpha & beta: 1 2
i & j           : 0 1
|-height & width: 2 2
  |-alpha & beta: 1 3
i & j           : 0 1
|-height & width: 0 0
  |-alpha & beta: -1 1
i & j           : 0 1
|-height & width: 0 1
  |-alpha & beta: -1 2
i & j           : 0 1
|-height & width: 0 2
  |-alpha & beta: -1 3
i & j           : 0 1
|-height & width: 1 0
  |-alpha & beta: 0 1
i & j           : 0 1
|-height & width: 1 1
  |-alpha & beta: 0 2
i & j           : 0 1
|-height & width: 1 2
  |-alpha & beta: 0 3
i & j           : 0 1
|-height & width: 2 0
  |-alpha & beta: 1 1
i & j           : 0 1
|-height & width: 2 1
  |-alpha & beta: 1 2
i & j           : 0 1
|-height & width: 2 2
  |-alpha & beta: 1 3
i & j           : 0 1
|-height & width: 0 0
  |-alpha & beta: -1 1
i & j           : 0 1
|-height & width: 0 1
  |-alpha & beta: -1 2
i & j           : 0 1
|-height & width: 0 2
  |-alpha & beta: -1 3
i & j           : 0 1
|-height & width: 1 0
  |-alpha & beta: 0 1
i & j           : 0 1
|-height & width: 1 1
  |-alpha & beta: 0 2
i & j           : 0 1
|-height & width: 1 2
  |-alpha & beta: 0 3
i & j           : 0 1
|-height & width: 2 0
  |-alpha & beta: 1 1
i & j           : 0 1
|-height & width: 2 1
  |-alpha & beta: 1 2
i & j           : 0 1
|-height & width: 2 2
  |-alpha & beta: 1 3
i & j           : 0 2
|-height & width: 0 0
  |-alpha & beta: -1 3
i & j           : 0 2
|-height & width: 0 1
  |-alpha & beta: -1 4
i & j           : 0 2
|-height & width: 0 2
  |-alpha & beta: -1 5
i & j           : 0 2
|-height & width: 1 0
  |-alpha & beta: 0 3
i & j           : 0 2
|-height & width: 1 1
  |-alpha & beta: 0 4
i & j           : 0 2
|-height & width: 1 2
  |-alpha & beta: 0 5
i & j           : 0 2
|-height & width: 2 0
  |-alpha & beta: 1 3
i & j           : 0 2
|-height & width: 2 1
  |-alpha & beta: 1 4
i & j           : 0 2
|-height & width: 2 2
  |-alpha & beta: 1 5
i & j           : 0 2
|-height & width: 0 0
  |-alpha & beta: -1 3
i & j           : 0 2
|-height & width: 0 1
  |-alpha & beta: -1 4
i & j           : 0 2
|-height & width: 0 2
  |-alpha & beta: -1 5
i & j           : 0 2
|-height & width: 1 0
  |-alpha & beta: 0 3
i & j           : 0 2
|-height & width: 1 1
  |-alpha & beta: 0 4
i & j           : 0 2
|-height & width: 1 2
  |-alpha & beta: 0 5
i & j           : 0 2
|-height & width: 2 0
  |-alpha & beta: 1 3
i & j           : 0 2
|-height & width: 2 1
  |-alpha & beta: 1 4
i & j           : 0 2
|-height & width: 2 2
  |-alpha & beta: 1 5
i & j           : 0 2
|-height & width: 0 0
  |-alpha & beta: -1 3
i & j           : 0 2
|-height & width: 0 1
  |-alpha & beta: -1 4
i & j           : 0 2
|-height & width: 0 2
  |-alpha & beta: -1 5
i & j           : 0 2
|-height & width: 1 0
  |-alpha & beta: 0 3
i & j           : 0 2
|-height & width: 1 1
  |-alpha & beta: 0 4
i & j           : 0 2
|-height & width: 1 2
  |-alpha & beta: 0 5
i & j           : 0 2
|-height & width: 2 0
  |-alpha & beta: 1 3
i & j           : 0 2
|-height & width: 2 1
  |-alpha & beta: 1 4
i & j           : 0 2
|-height & width: 2 2
  |-alpha & beta: 1 5
i & j           : 1 0
|-height & width: 0 0
  |-alpha & beta: 1 -1
i & j           : 1 0
|-height & width: 0 1
  |-alpha & beta: 1 0
i & j           : 1 0
|-height & width: 0 2
  |-alpha & beta: 1 1
i & j           : 1 0
|-height & width: 1 0
  |-alpha & beta: 2 -1
i & j           : 1 0
|-height & width: 1 1
  |-alpha & beta: 2 0
i & j           : 1 0
|-height & width: 1 2
  |-alpha & beta: 2 1
i & j           : 1 0
|-height & width: 2 0
  |-alpha & beta: 3 -1
i & j           : 1 0
|-height & width: 2 1
  |-alpha & beta: 3 0
i & j           : 1 0
|-height & width: 2 2
  |-alpha & beta: 3 1
i & j           : 1 0
|-height & width: 0 0
  |-alpha & beta: 1 -1
i & j           : 1 0
|-height & width: 0 1
  |-alpha & beta: 1 0
i & j           : 1 0
|-height & width: 0 2
  |-alpha & beta: 1 1
i & j           : 1 0
|-height & width: 1 0
  |-alpha & beta: 2 -1
i & j           : 1 0
|-height & width: 1 1
  |-alpha & beta: 2 0
i & j           : 1 0
|-height & width: 1 2
  |-alpha & beta: 2 1
i & j           : 1 0
|-height & width: 2 0
  |-alpha & beta: 3 -1
i & j           : 1 0
|-height & width: 2 1
  |-alpha & beta: 3 0
i & j           : 1 0
|-height & width: 2 2
  |-alpha & beta: 3 1
i & j           : 1 0
|-height & width: 0 0
  |-alpha & beta: 1 -1
i & j           : 1 0
|-height & width: 0 1
  |-alpha & beta: 1 0
i & j           : 1 0
|-height & width: 0 2
  |-alpha & beta: 1 1
i & j           : 1 0
|-height & width: 1 0
  |-alpha & beta: 2 -1
i & j           : 1 0
|-height & width: 1 1
  |-alpha & beta: 2 0
i & j           : 1 0
|-height & width: 1 2
  |-alpha & beta: 2 1
i & j           : 1 0
|-height & width: 2 0
  |-alpha & beta: 3 -1
i & j           : 1 0
|-height & width: 2 1
  |-alpha & beta: 3 0
i & j           : 1 0
|-height & width: 2 2
  |-alpha & beta: 3 1
i & j           : 1 1
|-height & width: 0 0
  |-alpha & beta: 1 1
i & j           : 1 1
|-height & width: 0 1
  |-alpha & beta: 1 2
i & j           : 1 1
|-height & width: 0 2
  |-alpha & beta: 1 3
i & j           : 1 1
|-height & width: 1 0
  |-alpha & beta: 2 1
i & j           : 1 1
|-height & width: 1 1
  |-alpha & beta: 2 2
i & j           : 1 1
|-height & width: 1 2
  |-alpha & beta: 2 3
i & j           : 1 1
|-height & width: 2 0
  |-alpha & beta: 3 1
i & j           : 1 1
|-height & width: 2 1
  |-alpha & beta: 3 2
i & j           : 1 1
|-height & width: 2 2
  |-alpha & beta: 3 3
i & j           : 1 1
|-height & width: 0 0
  |-alpha & beta: 1 1
i & j           : 1 1
|-height & width: 0 1
  |-alpha & beta: 1 2
i & j           : 1 1
|-height & width: 0 2
  |-alpha & beta: 1 3
i & j           : 1 1
|-height & width: 1 0
  |-alpha & beta: 2 1
i & j           : 1 1
|-height & width: 1 1
  |-alpha & beta: 2 2
i & j           : 1 1
|-height & width: 1 2
  |-alpha & beta: 2 3
i & j           : 1 1
|-height & width: 2 0
  |-alpha & beta: 3 1
i & j           : 1 1
|-height & width: 2 1
  |-alpha & beta: 3 2
i & j           : 1 1
|-height & width: 2 2
  |-alpha & beta: 3 3
i & j           : 1 1
|-height & width: 0 0
  |-alpha & beta: 1 1
i & j           : 1 1
|-height & width: 0 1
  |-alpha & beta: 1 2
i & j           : 1 1
|-height & width: 0 2
  |-alpha & beta: 1 3
i & j           : 1 1
|-height & width: 1 0
  |-alpha & beta: 2 1
i & j           : 1 1
|-height & width: 1 1
  |-alpha & beta: 2 2
i & j           : 1 1
|-height & width: 1 2
  |-alpha & beta: 2 3
i & j           : 1 1
|-height & width: 2 0
  |-alpha & beta: 3 1
i & j           : 1 1
|-height & width: 2 1
  |-alpha & beta: 3 2
i & j           : 1 1
|-height & width: 2 2
  |-alpha & beta: 3 3
i & j           : 1 2
|-height & width: 0 0
  |-alpha & beta: 1 3
i & j           : 1 2
|-height & width: 0 1
  |-alpha & beta: 1 4
i & j           : 1 2
|-height & width: 0 2
  |-alpha & beta: 1 5
i & j           : 1 2
|-height & width: 1 0
  |-alpha & beta: 2 3
i & j           : 1 2
|-height & width: 1 1
  |-alpha & beta: 2 4
i & j           : 1 2
|-height & width: 1 2
  |-alpha & beta: 2 5
i & j           : 1 2
|-height & width: 2 0
  |-alpha & beta: 3 3
i & j           : 1 2
|-height & width: 2 1
  |-alpha & beta: 3 4
i & j           : 1 2
|-height & width: 2 2
  |-alpha & beta: 3 5
i & j           : 1 2
|-height & width: 0 0
  |-alpha & beta: 1 3
i & j           : 1 2
|-height & width: 0 1
  |-alpha & beta: 1 4
i & j           : 1 2
|-height & width: 0 2
  |-alpha & beta: 1 5
i & j           : 1 2
|-height & width: 1 0
  |-alpha & beta: 2 3
i & j           : 1 2
|-height & width: 1 1
  |-alpha & beta: 2 4
i & j           : 1 2
|-height & width: 1 2
  |-alpha & beta: 2 5
i & j           : 1 2
|-height & width: 2 0
  |-alpha & beta: 3 3
i & j           : 1 2
|-height & width: 2 1
  |-alpha & beta: 3 4
i & j           : 1 2
|-height & width: 2 2
  |-alpha & beta: 3 5
i & j           : 1 2
|-height & width: 0 0
  |-alpha & beta: 1 3
i & j           : 1 2
|-height & width: 0 1
  |-alpha & beta: 1 4
i & j           : 1 2
|-height & width: 0 2
  |-alpha & beta: 1 5
i & j           : 1 2
|-height & width: 1 0
  |-alpha & beta: 2 3
i & j           : 1 2
|-height & width: 1 1
  |-alpha & beta: 2 4
i & j           : 1 2
|-height & width: 1 2
  |-alpha & beta: 2 5
i & j           : 1 2
|-height & width: 2 0
  |-alpha & beta: 3 3
i & j           : 1 2
|-height & width: 2 1
  |-alpha & beta: 3 4
i & j           : 1 2
|-height & width: 2 2
  |-alpha & beta: 3 5
i & j           : 2 0
|-height & width: 0 0
  |-alpha & beta: 3 -1
i & j           : 2 0
|-height & width: 0 1
  |-alpha & beta: 3 0
i & j           : 2 0
|-height & width: 0 2
  |-alpha & beta: 3 1
i & j           : 2 0
|-height & width: 1 0
  |-alpha & beta: 4 -1
i & j           : 2 0
|-height & width: 1 1
  |-alpha & beta: 4 0
i & j           : 2 0
|-height & width: 1 2
  |-alpha & beta: 4 1
i & j           : 2 0
|-height & width: 2 0
  |-alpha & beta: 5 -1
i & j           : 2 0
|-height & width: 2 1
  |-alpha & beta: 5 0
i & j           : 2 0
|-height & width: 2 2
  |-alpha & beta: 5 1
i & j           : 2 0
|-height & width: 0 0
  |-alpha & beta: 3 -1
i & j           : 2 0
|-height & width: 0 1
  |-alpha & beta: 3 0
i & j           : 2 0
|-height & width: 0 2
  |-alpha & beta: 3 1
i & j           : 2 0
|-height & width: 1 0
  |-alpha & beta: 4 -1
i & j           : 2 0
|-height & width: 1 1
  |-alpha & beta: 4 0
i & j           : 2 0
|-height & width: 1 2
  |-alpha & beta: 4 1
i & j           : 2 0
|-height & width: 2 0
  |-alpha & beta: 5 -1
i & j           : 2 0
|-height & width: 2 1
  |-alpha & beta: 5 0
i & j           : 2 0
|-height & width: 2 2
  |-alpha & beta: 5 1
i & j           : 2 0
|-height & width: 0 0
  |-alpha & beta: 3 -1
i & j           : 2 0
|-height & width: 0 1
  |-alpha & beta: 3 0
i & j           : 2 0
|-height & width: 0 2
  |-alpha & beta: 3 1
i & j           : 2 0
|-height & width: 1 0
  |-alpha & beta: 4 -1
i & j           : 2 0
|-height & width: 1 1
  |-alpha & beta: 4 0
i & j           : 2 0
|-height & width: 1 2
  |-alpha & beta: 4 1
i & j           : 2 0
|-height & width: 2 0
  |-alpha & beta: 5 -1
i & j           : 2 0
|-height & width: 2 1
  |-alpha & beta: 5 0
i & j           : 2 0
|-height & width: 2 2
  |-alpha & beta: 5 1
i & j           : 2 1
|-height & width: 0 0
  |-alpha & beta: 3 1
i & j           : 2 1
|-height & width: 0 1
  |-alpha & beta: 3 2
i & j           : 2 1
|-height & width: 0 2
  |-alpha & beta: 3 3
i & j           : 2 1
|-height & width: 1 0
  |-alpha & beta: 4 1
i & j           : 2 1
|-height & width: 1 1
  |-alpha & beta: 4 2
i & j           : 2 1
|-height & width: 1 2
  |-alpha & beta: 4 3
i & j           : 2 1
|-height & width: 2 0
  |-alpha & beta: 5 1
i & j           : 2 1
|-height & width: 2 1
  |-alpha & beta: 5 2
i & j           : 2 1
|-height & width: 2 2
  |-alpha & beta: 5 3
i & j           : 2 1
|-height & width: 0 0
  |-alpha & beta: 3 1
i & j           : 2 1
|-height & width: 0 1
  |-alpha & beta: 3 2
i & j           : 2 1
|-height & width: 0 2
  |-alpha & beta: 3 3
i & j           : 2 1
|-height & width: 1 0
  |-alpha & beta: 4 1
i & j           : 2 1
|-height & width: 1 1
  |-alpha & beta: 4 2
i & j           : 2 1
|-height & width: 1 2
  |-alpha & beta: 4 3
i & j           : 2 1
|-height & width: 2 0
  |-alpha & beta: 5 1
i & j           : 2 1
|-height & width: 2 1
  |-alpha & beta: 5 2
i & j           : 2 1
|-height & width: 2 2
  |-alpha & beta: 5 3
i & j           : 2 1
|-height & width: 0 0
  |-alpha & beta: 3 1
i & j           : 2 1
|-height & width: 0 1
  |-alpha & beta: 3 2
i & j           : 2 1
|-height & width: 0 2
  |-alpha & beta: 3 3
i & j           : 2 1
|-height & width: 1 0
  |-alpha & beta: 4 1
i & j           : 2 1
|-height & width: 1 1
  |-alpha & beta: 4 2
i & j           : 2 1
|-height & width: 1 2
  |-alpha & beta: 4 3
i & j           : 2 1
|-height & width: 2 0
  |-alpha & beta: 5 1
i & j           : 2 1
|-height & width: 2 1
  |-alpha & beta: 5 2
i & j           : 2 1
|-height & width: 2 2
  |-alpha & beta: 5 3
i & j           : 2 2
|-height & width: 0 0
  |-alpha & beta: 3 3
i & j           : 2 2
|-height & width: 0 1
  |-alpha & beta: 3 4
i & j           : 2 2
|-height & width: 0 2
  |-alpha & beta: 3 5
i & j           : 2 2
|-height & width: 1 0
  |-alpha & beta: 4 3
i & j           : 2 2
|-height & width: 1 1
  |-alpha & beta: 4 4
i & j           : 2 2
|-height & width: 1 2
  |-alpha & beta: 4 5
i & j           : 2 2
|-height & width: 2 0
  |-alpha & beta: 5 3
i & j           : 2 2
|-height & width: 2 1
  |-alpha & beta: 5 4
i & j           : 2 2
|-height & width: 2 2
  |-alpha & beta: 5 5
i & j           : 2 2
|-height & width: 0 0
  |-alpha & beta: 3 3
i & j           : 2 2
|-height & width: 0 1
  |-alpha & beta: 3 4
i & j           : 2 2
|-height & width: 0 2
  |-alpha & beta: 3 5
i & j           : 2 2
|-height & width: 1 0
  |-alpha & beta: 4 3
i & j           : 2 2
|-height & width: 1 1
  |-alpha & beta: 4 4
i & j           : 2 2
|-height & width: 1 2
  |-alpha & beta: 4 5
i & j           : 2 2
|-height & width: 2 0
  |-alpha & beta: 5 3
i & j           : 2 2
|-height & width: 2 1
  |-alpha & beta: 5 4
i & j           : 2 2
|-height & width: 2 2
  |-alpha & beta: 5 5
i & j           : 2 2
|-height & width: 0 0
  |-alpha & beta: 3 3
i & j           : 2 2
|-height & width: 0 1
  |-alpha & beta: 3 4
i & j           : 2 2
|-height & width: 0 2
  |-alpha & beta: 3 5
i & j           : 2 2
|-height & width: 1 0
  |-alpha & beta: 4 3
i & j           : 2 2
|-height & width: 1 1
  |-alpha & beta: 4 4
i & j           : 2 2
|-height & width: 1 2
  |-alpha & beta: 4 5
i & j           : 2 2
|-height & width: 2 0
  |-alpha & beta: 5 3
i & j           : 2 2
|-height & width: 2 1
  |-alpha & beta: 5 4
i & j           : 2 2
|-height & width: 2 2
  |-alpha & beta: 5 5
